panic: aborting due to terminal initialize failure

> erc1155-wallet@0.0.0 start /var/www/html/sawtooth/erc1155-wallet
> ng serve --watch

** Angular Live Development Server is listening on 165.227.119.244:4200, open your browser on http://165.227.119.244:4200/ **

Date: 2019-04-30T14:16:27.138Z
Hash: 573005dd54a70ff886bb
Time: 21356ms
chunk {main} main.js, main.js.map (main) 803 kB [initial] [rendered]
chunk {polyfills} polyfills.js, polyfills.js.map (polyfills) 237 kB [initial] [rendered]
chunk {runtime} runtime.js, runtime.js.map (runtime) 6.08 kB [entry] [rendered]
chunk {styles} styles.js, styles.js.map (styles) 831 kB [initial] [rendered]
chunk {vendor} vendor.js, vendor.js.map (vendor) 5.46 MB [initial] [rendered]
[34mℹ[39m [90m｢wdm｣[39m: Compiled successfully.
[34mℹ[39m [90m｢wdm｣[39m: Compiling...
[34mℹ[39m [90m｢wdm｣[39m: wait until bundle finished: /home

Date: 2019-04-30T14:22:30.158Z - Hash: 750b45acdd15eef7c55d - Time: 10095ms
4 unchanged chunks
chunk {main} main.js, main.js.map (main) 803 kB [initial] [rendered]
[34mℹ[39m [90m｢wdm｣[39m: Compiled successfully.
[34mℹ[39m [90m｢wdm｣[39m: Compiling...
[34mℹ[39m [90m｢wdm｣[39m: wait until bundle finished: /runtime.js
[34mℹ[39m [90m｢wdm｣[39m: wait until bundle finished: /polyfills.js
[34mℹ[39m [90m｢wdm｣[39m: wait until bundle finished: /home
[34mℹ[39m [90m｢wdm｣[39m: wait until bundle finished: /login
[34mℹ[39m [90m｢wdm｣[39m: wait until bundle finished: /styles.js
[34mℹ[39m [90m｢wdm｣[39m: wait until bundle finished: /vendor.js
[34mℹ[39m [90m｢wdm｣[39m: wait until bundle finished: /main.js

Date: 2019-04-30T14:22:31.813Z - Hash: 750b45acdd15eef7c55d - Time: 1304ms
5 unchanged chunks
[34mℹ[39m [90m｢wdm｣[39m: Compiled successfully.
[34mℹ[39m [90m｢wdm｣[39m: Compiling...

Date: 2019-04-30T14:25:20.878Z - Hash: 565af5448494a0fbe018 - Time: 546ms
5 unchanged chunks
[34mℹ[39m [90m｢wdm｣[39m: Failed to compile.
