0 info it worked if it ends with ok
1 verbose cli [ '/root/.nvm/versions/node/v6.1.0/bin/node',
1 verbose cli   '/root/.nvm/versions/node/v6.1.0/bin/npm',
1 verbose cli   'start' ]
2 info using npm@3.8.6
3 info using node@v6.1.0
4 verbose run-script [ 'prestart', 'start', 'poststart' ]
5 info lifecycle erc1155-wallet@0.0.0~prestart: erc1155-wallet@0.0.0
6 silly lifecycle erc1155-wallet@0.0.0~prestart: no script for prestart, continuing
7 info lifecycle erc1155-wallet@0.0.0~start: erc1155-wallet@0.0.0
8 verbose lifecycle erc1155-wallet@0.0.0~start: unsafe-perm in lifecycle true
9 verbose lifecycle erc1155-wallet@0.0.0~start: PATH: /root/.nvm/versions/node/v6.1.0/lib/node_modules/npm/bin/node-gyp-bin:/var/www/Medicine/Medicine Project/node_modules/.bin:/root/.nvm/versions/node/v6.1.0/bin:/root/.nvm/versions/node/v6.1.0/bin:/usr/local/sbin:/usr/local/bin:/usr/sbin:/usr/bin:/sbin:/bin:/usr/games:/usr/local/games
10 verbose lifecycle erc1155-wallet@0.0.0~start: CWD: /var/www/Medicine/Medicine Project
11 silly lifecycle erc1155-wallet@0.0.0~start: Args: [ '-c', 'ng serve --watch --host=84.22.96.222' ]
12 silly lifecycle erc1155-wallet@0.0.0~start: Returned: code: 3  signal: null
13 info lifecycle erc1155-wallet@0.0.0~start: Failed to exec start script
14 verbose stack Error: erc1155-wallet@0.0.0 start: `ng serve --watch --host=84.22.96.222`
14 verbose stack Exit status 3
14 verbose stack     at EventEmitter.<anonymous> (/root/.nvm/versions/node/v6.1.0/lib/node_modules/npm/lib/utils/lifecycle.js:239:16)
14 verbose stack     at emitTwo (events.js:106:13)
14 verbose stack     at EventEmitter.emit (events.js:191:7)
14 verbose stack     at ChildProcess.<anonymous> (/root/.nvm/versions/node/v6.1.0/lib/node_modules/npm/lib/utils/spawn.js:24:14)
14 verbose stack     at emitTwo (events.js:106:13)
14 verbose stack     at ChildProcess.emit (events.js:191:7)
14 verbose stack     at maybeClose (internal/child_process.js:850:16)
14 verbose stack     at Process.ChildProcess._handle.onexit (internal/child_process.js:215:5)
15 verbose pkgid erc1155-wallet@0.0.0
16 verbose cwd /var/www/Medicine/Medicine Project
17 error Linux 4.4.0-133-generic
18 error argv "/root/.nvm/versions/node/v6.1.0/bin/node" "/root/.nvm/versions/node/v6.1.0/bin/npm" "start"
19 error node v6.1.0
20 error npm  v3.8.6
21 error code ELIFECYCLE
22 error erc1155-wallet@0.0.0 start: `ng serve --watch --host=84.22.96.222`
22 error Exit status 3
23 error Failed at the erc1155-wallet@0.0.0 start script 'ng serve --watch --host=84.22.96.222'.
23 error Make sure you have the latest version of node.js and npm installed.
23 error If you do, this is most likely a problem with the erc1155-wallet package,
23 error not with npm itself.
23 error Tell the author that this fails on your system:
23 error     ng serve --watch --host=84.22.96.222
23 error You can get information on how to open an issue for this project with:
23 error     npm bugs erc1155-wallet
23 error Or if that isn't available, you can get their info via:
23 error     npm owner ls erc1155-wallet
23 error There is likely additional logging output above.
24 verbose exit [ 1, true ]
